<!DOCTYPE html PUBLIC "-//W3C//DTD XHTML 1.1//EN" "http://www.w3.org/TR/xhtml11/DTD/xhtml11.dtd">
<html xmlns="http://www.w3.org/1999/xhtml"><head><title>TestNG Report</title><style type="text/css">table {margin-bottom:10px;border-collapse:collapse;empty-cells:show}th,td {border:1px solid #009;padding:.25em .5em}th {vertical-align:bottom}td {vertical-align:top}table a {font-weight:bold}.stripe td {background-color: #E6EBF9}.num {text-align:right}.passedodd td {background-color: #3F3}.passedeven td {background-color: #0A0}.skippedodd td {background-color: #DDD}.skippedeven td {background-color: #CCC}.failedodd td,.attn {background-color: #F33}.failedeven td,.stripe .attn {background-color: #D00}.stacktrace {white-space:pre;font-family:monospace}.totop {font-size:85%;text-align:center;border-bottom:2px solid #000}</style></head><body><table><tr><th>Test</th><th># Passed</th><th># Skipped</th><th># Failed</th><th>Time (ms)</th><th>Included Groups</th><th>Excluded Groups</th></tr><tr><th colspan="7">Default suite</th></tr><tr><td><a href="#t0">Default test</a></td><td class="num">5</td><td class="num">0</td><td class="num attn">2</td><td class="num">58,142</td><td></td><td></td></tr></table><table><thead><tr><th>Class</th><th>Method</th><th>Start</th><th>Time (ms)</th></tr></thead><tbody><tr><th colspan="4">Default suite</th></tr></tbody><tbody id="t0"><tr><th colspan="4">Default test &#8212; failed</th></tr><tr class="failedeven"><td rowspan="2">com.beaconpro.test.acopening.SBOpening</td><td><a href="#m0">open_beaconpro_url_and_login</a></td><td rowspan="1">1480566285829</td><td rowspan="1">15</td></tr><tr class="failedeven"><td><a href="#m1">opening_firefox</a></td><td rowspan="1">1480566228048</td><td rowspan="1">57765</td></tr><tr><th colspan="4">Default test &#8212; passed</th></tr><tr class="passedeven"><td rowspan="5">com.beaconpro.test.acopening.SBOpening</td><td><a href="#m2">ReadFromExcel</a></td><td rowspan="1">1480566227719</td><td rowspan="1">329</td></tr><tr class="passedeven"><td><a href="#m3">SB_opening_window</a></td><td rowspan="1">1480566285844</td><td rowspan="1">16</td></tr><tr class="passedeven"><td><a href="#m4">customer_adding_and_general_tab_edits</a></td><td rowspan="1">1480566285860</td><td rowspan="1">0</td></tr><tr class="passedeven"><td><a href="#m5">customer_search_window</a></td><td rowspan="1">1480566285860</td><td rowspan="1">0</td></tr><tr class="passedeven"><td><a href="#m6">transmode</a></td><td rowspan="1">1480566285860</td><td rowspan="1">1</td></tr></tbody></table><h2>Default test</h2><h3 id="m0">com.beaconpro.test.acopening.SBOpening#open_beaconpro_url_and_login</h3><table class="result"><tr><th>Exception</th></tr><tr><td><div class="stacktrace">java.lang.NullPointerException
	at com.beaconpro.module.uiobject.login.LoginPage.openUrlFor102(LoginPage.java:146)
	at com.beaconpro.test.acopening.SBOpening.open_beaconpro_url_and_login(SBOpening.java:126)
	at sun.reflect.NativeMethodAccessorImpl.invoke0(Native Method)
	at sun.reflect.NativeMethodAccessorImpl.invoke(Unknown Source)
	at sun.reflect.DelegatingMethodAccessorImpl.invoke(Unknown Source)
	at java.lang.reflect.Method.invoke(Unknown Source)
	at org.testng.internal.MethodInvocationHelper.invokeMethod(MethodInvocationHelper.java:85)
	at org.testng.internal.Invoker.invokeMethod(Invoker.java:639)
	at org.testng.internal.Invoker.invokeTestMethod(Invoker.java:816)
	at org.testng.internal.Invoker.invokeTestMethods(Invoker.java:1124)
	at org.testng.internal.TestMethodWorker.invokeTestMethods(TestMethodWorker.java:125)
	at org.testng.internal.TestMethodWorker.run(TestMethodWorker.java:108)
	at org.testng.TestRunner.privateRun(TestRunner.java:774)
	at org.testng.TestRunner.run(TestRunner.java:624)
	at org.testng.SuiteRunner.runTest(SuiteRunner.java:359)
	at org.testng.SuiteRunner.runSequentially(SuiteRunner.java:354)
	at org.testng.SuiteRunner.privateRun(SuiteRunner.java:312)
	at org.testng.SuiteRunner.run(SuiteRunner.java:261)
	at org.testng.SuiteRunnerWorker.runSuite(SuiteRunnerWorker.java:52)
	at org.testng.SuiteRunnerWorker.run(SuiteRunnerWorker.java:86)
	at org.testng.TestNG.runSuitesSequentially(TestNG.java:1215)
	at org.testng.TestNG.runSuitesLocally(TestNG.java:1140)
	at org.testng.TestNG.run(TestNG.java:1048)
	at org.testng.remote.RemoteTestNG.run(RemoteTestNG.java:112)
	at org.testng.remote.RemoteTestNG.initAndRun(RemoteTestNG.java:205)
	at org.testng.remote.RemoteTestNG.main(RemoteTestNG.java:176)
</div></td></tr></table><p class="totop"><a href="#summary">back to summary</a></p><h3 id="m1">com.beaconpro.test.acopening.SBOpening#opening_firefox</h3><table class="result"><tr><th>Exception</th></tr><tr><td><div class="stacktrace">org.openqa.selenium.WebDriverException: Failed to connect to binary FirefoxBinary(C:\Program Files (x86)\Mozilla Firefox\firefox.exe) on port 7055; process output follows: 
eator&quot;:&quot;Mozilla&quot;,&quot;homepageURL&quot;:null,&quot;contributors&quot;:[&quot;Mozilla Contributors&quot;]},&quot;visible&quot;:true,&quot;active&quot;:true,&quot;userDisabled&quot;:false,&quot;appDisabled&quot;:false,&quot;descriptor&quot;:&quot;C:\\Program Files (x86)\\Mozilla Firefox\\browser\\extensions\\{972ce4c6-7e08-4474-a285-3208198ce6fd}.xpi&quot;,&quot;installDate&quot;:1448865366380,&quot;updateDate&quot;:1474351996591,&quot;applyBackgroundUpdates&quot;:1,&quot;skinnable&quot;:true,&quot;size&quot;:21905,&quot;sourceURI&quot;:null,&quot;releaseNotesURI&quot;:null,&quot;softDisabled&quot;:false,&quot;foreignInstall&quot;:false,&quot;hasBinaryComponents&quot;:false,&quot;strictCompatibility&quot;:true,&quot;locales&quot;:[],&quot;targetApplications&quot;:[{&quot;id&quot;:&quot;{ec8030f7-c20a-464f-9b0e-13a3a9e97384}&quot;,&quot;minVersion&quot;:&quot;48.0.2&quot;,&quot;maxVersion&quot;:&quot;48.0.2&quot;}],&quot;targetPlatforms&quot;:[],&quot;seen&quot;:true}
1480566239592	DeferredSave.extensions.json	DEBUG	Save changes
1480566239592	addons.xpi	DEBUG	Updating database with changes to installed add-ons
1480566239592	addons.xpi-utils	DEBUG	Updating add-on states
1480566239595	addons.xpi-utils	DEBUG	Writing add-ons list
1480566239599	addons.xpi	DEBUG	Registering manifest for C:\Users\yadhu\AppData\Local\Temp\anonymous1434148390130501707webdriver-profile\extensions\firebug@software.joehewitt.com.xpi
1480566239600	addons.xpi	DEBUG	Calling bootstrap method startup on firebug@software.joehewitt.com version 2.0.18
1480566239608	addons.xpi	DEBUG	Registering manifest for C:\Program Files (x86)\Mozilla Firefox\browser\features\e10srollout@mozilla.org.xpi
1480566239608	addons.xpi	DEBUG	Loading bootstrap scope from C:\Program Files (x86)\Mozilla Firefox\browser\features\e10srollout@mozilla.org.xpi
1480566239615	addons.xpi	DEBUG	Calling bootstrap method startup on e10srollout@mozilla.org version 1.1
1480566239615	addons.xpi	DEBUG	Registering manifest for C:\Program Files (x86)\Mozilla Firefox\browser\features\firefox@getpocket.com.xpi
1480566239616	addons.xpi	DEBUG	Loading bootstrap scope from C:\Program Files (x86)\Mozilla Firefox\browser\features\firefox@getpocket.com.xpi
1480566239618	addons.xpi	DEBUG	Calling bootstrap method startup on firefox@getpocket.com version 1.0.4
1480566239619	addons.xpi	DEBUG	Registering manifest for C:\Program Files (x86)\Mozilla Firefox\browser\features\loop@mozilla.org.xpi
1480566239619	addons.xpi	DEBUG	Loading bootstrap scope from C:\Program Files (x86)\Mozilla Firefox\browser\features\loop@mozilla.org.xpi
1480566239624	addons.xpi	DEBUG	Calling bootstrap method startup on loop@mozilla.org version 1.4.4
1480566239637	addons.manager	DEBUG	Registering shutdown blocker for XPIProvider
1480566239638	addons.manager	DEBUG	Provider finished startup: XPIProvider
1480566239638	addons.manager	DEBUG	Starting provider: LightweightThemeManager
1480566239638	addons.manager	DEBUG	Registering shutdown blocker for LightweightThemeManager
1480566239638	addons.manager	DEBUG	Provider finished startup: LightweightThemeManager
1480566239638	addons.manager	DEBUG	Starting provider: GMPProvider
1480566239644	addons.manager	DEBUG	Registering shutdown blocker for GMPProvider
1480566239644	addons.manager	DEBUG	Provider finished startup: GMPProvider
1480566239644	addons.manager	DEBUG	Starting provider: PluginProvider
1480566239644	addons.manager	DEBUG	Registering shutdown blocker for PluginProvider
1480566239644	addons.manager	DEBUG	Provider finished startup: PluginProvider
1480566239645	addons.manager	DEBUG	Completed startup sequence
1480566239764	addons.manager	DEBUG	Starting provider: &lt;unnamed-provider&gt;
1480566239764	addons.manager	DEBUG	Registering shutdown blocker for &lt;unnamed-provider&gt;
1480566239764	addons.manager	DEBUG	Provider finished startup: &lt;unnamed-provider&gt;
1480566239765	DeferredSave.extensions.json	DEBUG	Starting write
1480566239825	addons.manager	DEBUG	Starting provider: PreviousExperimentProvider
1480566239825	addons.manager	DEBUG	Registering shutdown blocker for PreviousExperimentProvider
1480566239826	addons.manager	DEBUG	Provider finished startup: PreviousExperimentProvider
1480566239828	DeferredSave.extensions.json	DEBUG	Write succeeded
JavaScript error: chrome://selenium-ide/content/selenium-ide-overlay.js, line 274: ReferenceError: Application is not defined

Build info: version: &apos;2.53.0&apos;, revision: &apos;35ae25b1534ae328c771e0856c93e187490ca824&apos;, time: &apos;2016-03-15 10:43:46&apos;
System info: host: &apos;SEQC05&apos;, ip: &apos;192.168.0.27&apos;, os.name: &apos;Windows 7&apos;, os.arch: &apos;amd64&apos;, os.version: &apos;6.1&apos;, java.version: &apos;1.8.0_25&apos;
Driver info: driver.version: FirefoxDriver
	at org.openqa.selenium.firefox.internal.NewProfileExtensionConnection.start(NewProfileExtensionConnection.java:125)
	at org.openqa.selenium.firefox.FirefoxDriver.startClient(FirefoxDriver.java:271)
	at org.openqa.selenium.remote.RemoteWebDriver.&lt;init&gt;(RemoteWebDriver.java:119)
	at org.openqa.selenium.firefox.FirefoxDriver.&lt;init&gt;(FirefoxDriver.java:216)
	at org.openqa.selenium.firefox.FirefoxDriver.&lt;init&gt;(FirefoxDriver.java:211)
	at org.openqa.selenium.firefox.FirefoxDriver.&lt;init&gt;(FirefoxDriver.java:207)
	at org.openqa.selenium.firefox.FirefoxDriver.&lt;init&gt;(FirefoxDriver.java:124)
	at com.beaconpro.test.acopening.SBOpening.opening_firefox(SBOpening.java:119)
	at sun.reflect.NativeMethodAccessorImpl.invoke0(Native Method)
	at sun.reflect.NativeMethodAccessorImpl.invoke(Unknown Source)
	at sun.reflect.DelegatingMethodAccessorImpl.invoke(Unknown Source)
	at java.lang.reflect.Method.invoke(Unknown Source)
	at org.testng.internal.MethodInvocationHelper.invokeMethod(MethodInvocationHelper.java:85)
	at org.testng.internal.Invoker.invokeMethod(Invoker.java:639)
	at org.testng.internal.Invoker.invokeTestMethod(Invoker.java:816)
	at org.testng.internal.Invoker.invokeTestMethods(Invoker.java:1124)
	at org.testng.internal.TestMethodWorker.invokeTestMethods(TestMethodWorker.java:125)
	at org.testng.internal.TestMethodWorker.run(TestMethodWorker.java:108)
	at org.testng.TestRunner.privateRun(TestRunner.java:774)
	at org.testng.TestRunner.run(TestRunner.java:624)
	at org.testng.SuiteRunner.runTest(SuiteRunner.java:359)
	at org.testng.SuiteRunner.runSequentially(SuiteRunner.java:354)
	at org.testng.SuiteRunner.privateRun(SuiteRunner.java:312)
	at org.testng.SuiteRunner.run(SuiteRunner.java:261)
	at org.testng.SuiteRunnerWorker.runSuite(SuiteRunnerWorker.java:52)
	at org.testng.SuiteRunnerWorker.run(SuiteRunnerWorker.java:86)
	at org.testng.TestNG.runSuitesSequentially(TestNG.java:1215)
	at org.testng.TestNG.runSuitesLocally(TestNG.java:1140)
	at org.testng.TestNG.run(TestNG.java:1048)
	at org.testng.remote.RemoteTestNG.run(RemoteTestNG.java:112)
	at org.testng.remote.RemoteTestNG.initAndRun(RemoteTestNG.java:205)
	at org.testng.remote.RemoteTestNG.main(RemoteTestNG.java:176)
Caused by: org.openqa.selenium.firefox.NotConnectedException: Unable to connect to host 127.0.0.1 on port 7055 after 45000 ms. Firefox console output:
eator&quot;:&quot;Mozilla&quot;,&quot;homepageURL&quot;:null,&quot;contributors&quot;:[&quot;Mozilla Contributors&quot;]},&quot;visible&quot;:true,&quot;active&quot;:true,&quot;userDisabled&quot;:false,&quot;appDisabled&quot;:false,&quot;descriptor&quot;:&quot;C:\\Program Files (x86)\\Mozilla Firefox\\browser\\extensions\\{972ce4c6-7e08-4474-a285-3208198ce6fd}.xpi&quot;,&quot;installDate&quot;:1448865366380,&quot;updateDate&quot;:1474351996591,&quot;applyBackgroundUpdates&quot;:1,&quot;skinnable&quot;:true,&quot;size&quot;:21905,&quot;sourceURI&quot;:null,&quot;releaseNotesURI&quot;:null,&quot;softDisabled&quot;:false,&quot;foreignInstall&quot;:false,&quot;hasBinaryComponents&quot;:false,&quot;strictCompatibility&quot;:true,&quot;locales&quot;:[],&quot;targetApplications&quot;:[{&quot;id&quot;:&quot;{ec8030f7-c20a-464f-9b0e-13a3a9e97384}&quot;,&quot;minVersion&quot;:&quot;48.0.2&quot;,&quot;maxVersion&quot;:&quot;48.0.2&quot;}],&quot;targetPlatforms&quot;:[],&quot;seen&quot;:true}
1480566239592	DeferredSave.extensions.json	DEBUG	Save changes
1480566239592	addons.xpi	DEBUG	Updating database with changes to installed add-ons
1480566239592	addons.xpi-utils	DEBUG	Updating add-on states
1480566239595	addons.xpi-utils	DEBUG	Writing add-ons list
1480566239599	addons.xpi	DEBUG	Registering manifest for C:\Users\yadhu\AppData\Local\Temp\anonymous1434148390130501707webdriver-profile\extensions\firebug@software.joehewitt.com.xpi
1480566239600	addons.xpi	DEBUG	Calling bootstrap method startup on firebug@software.joehewitt.com version 2.0.18
1480566239608	addons.xpi	DEBUG	Registering manifest for C:\Program Files (x86)\Mozilla Firefox\browser\features\e10srollout@mozilla.org.xpi
1480566239608	addons.xpi	DEBUG	Loading bootstrap scope from C:\Program Files (x86)\Mozilla Firefox\browser\features\e10srollout@mozilla.org.xpi
1480566239615	addons.xpi	DEBUG	Calling bootstrap method startup on e10srollout@mozilla.org version 1.1
1480566239615	addons.xpi	DEBUG	Registering manifest for C:\Program Files (x86)\Mozilla Firefox\browser\features\firefox@getpocket.com.xpi
1480566239616	addons.xpi	DEBUG	Loading bootstrap scope from C:\Program Files (x86)\Mozilla Firefox\browser\features\firefox@getpocket.com.xpi
1480566239618	addons.xpi	DEBUG	Calling bootstrap method startup on firefox@getpocket.com version 1.0.4
1480566239619	addons.xpi	DEBUG	Registering manifest for C:\Program Files (x86)\Mozilla Firefox\browser\features\loop@mozilla.org.xpi
1480566239619	addons.xpi	DEBUG	Loading bootstrap scope from C:\Program Files (x86)\Mozilla Firefox\browser\features\loop@mozilla.org.xpi
1480566239624	addons.xpi	DEBUG	Calling bootstrap method startup on loop@mozilla.org version 1.4.4
1480566239637	addons.manager	DEBUG	Registering shutdown blocker for XPIProvider
1480566239638	addons.manager	DEBUG	Provider finished startup: XPIProvider
1480566239638	addons.manager	DEBUG	Starting provider: LightweightThemeManager
1480566239638	addons.manager	DEBUG	Registering shutdown blocker for LightweightThemeManager
1480566239638	addons.manager	DEBUG	Provider finished startup: LightweightThemeManager
1480566239638	addons.manager	DEBUG	Starting provider: GMPProvider
1480566239644	addons.manager	DEBUG	Registering shutdown blocker for GMPProvider
1480566239644	addons.manager	DEBUG	Provider finished startup: GMPProvider
1480566239644	addons.manager	DEBUG	Starting provider: PluginProvider
1480566239644	addons.manager	DEBUG	Registering shutdown blocker for PluginProvider
1480566239644	addons.manager	DEBUG	Provider finished startup: PluginProvider
1480566239645	addons.manager	DEBUG	Completed startup sequence
1480566239764	addons.manager	DEBUG	Starting provider: &lt;unnamed-provider&gt;
1480566239764	addons.manager	DEBUG	Registering shutdown blocker for &lt;unnamed-provider&gt;
1480566239764	addons.manager	DEBUG	Provider finished startup: &lt;unnamed-provider&gt;
1480566239765	DeferredSave.extensions.json	DEBUG	Starting write
1480566239825	addons.manager	DEBUG	Starting provider: PreviousExperimentProvider
1480566239825	addons.manager	DEBUG	Registering shutdown blocker for PreviousExperimentProvider
1480566239826	addons.manager	DEBUG	Provider finished startup: PreviousExperimentProvider
1480566239828	DeferredSave.extensions.json	DEBUG	Write succeeded
JavaScript error: chrome://selenium-ide/content/selenium-ide-overlay.js, line 274: ReferenceError: Application is not defined

	at org.openqa.selenium.firefox.internal.NewProfileExtensionConnection.start(NewProfileExtensionConnection.java:113)
	... 31 more
</div></td></tr></table><p class="totop"><a href="#summary">back to summary</a></p><h3 id="m2">com.beaconpro.test.acopening.SBOpening#ReadFromExcel</h3><table class="result"></table><p class="totop"><a href="#summary">back to summary</a></p><h3 id="m3">com.beaconpro.test.acopening.SBOpening#SB_opening_window</h3><table class="result"></table><p class="totop"><a href="#summary">back to summary</a></p><h3 id="m4">com.beaconpro.test.acopening.SBOpening#customer_adding_and_general_tab_edits</h3><table class="result"></table><p class="totop"><a href="#summary">back to summary</a></p><h3 id="m5">com.beaconpro.test.acopening.SBOpening#customer_search_window</h3><table class="result"></table><p class="totop"><a href="#summary">back to summary</a></p><h3 id="m6">com.beaconpro.test.acopening.SBOpening#transmode</h3><table class="result"></table><p class="totop"><a href="#summary">back to summary</a></p></body></html>